c:\users\tanner\source\repos\opengl\opengl\x64\debug\vc142.pdb
c:\users\tanner\source\repos\opengl\opengl\x64\debug\vc142.idb
c:\users\tanner\source\repos\opengl\opengl\x64\debug\glad.obj
c:\users\tanner\source\repos\opengl\opengl\x64\debug\vbo.obj
c:\users\tanner\source\repos\opengl\opengl\x64\debug\vao.obj
c:\users\tanner\source\repos\opengl\opengl\x64\debug\shaderclass.obj
c:\users\tanner\source\repos\opengl\opengl\x64\debug\main.obj
c:\users\tanner\source\repos\opengl\opengl\x64\debug\ebo.obj
c:\users\tanner\source\repos\opengl\opengl\x64\debug\renderer.obj
c:\users\tanner\source\repos\opengl\opengl\x64\debug\sprite.obj
c:\users\tanner\source\repos\opengl\opengl\x64\debug\background.obj
c:\users\tanner\source\repos\opengl\opengl\x64\debug\texture.obj
c:\users\tanner\source\repos\opengl\opengl\x64\debug\rock.obj
c:\users\tanner\source\repos\opengl\opengl\x64\debug\player.obj
c:\users\tanner\source\repos\opengl\opengl\x64\debug\bullet.obj
c:\users\tanner\source\repos\opengl\opengl\x64\debug\friendlybullet.obj
c:\users\tanner\source\repos\opengl\x64\debug\opengl.exe
c:\users\tanner\source\repos\opengl\x64\debug\opengl.ilk
c:\users\tanner\source\repos\opengl\x64\debug\opengl.pdb
c:\users\tanner\source\repos\opengl\opengl\x64\debug\background.obj.enc
c:\users\tanner\source\repos\opengl\opengl\x64\debug\bullet.obj.enc
c:\users\tanner\source\repos\opengl\opengl\x64\debug\friendlybullet.obj.enc
c:\users\tanner\source\repos\opengl\opengl\x64\debug\main.obj.enc
c:\users\tanner\source\repos\opengl\opengl\x64\debug\player.obj.enc
c:\users\tanner\source\repos\opengl\opengl\x64\debug\renderer.obj.enc
c:\users\tanner\source\repos\opengl\opengl\x64\debug\rock.obj.enc
c:\users\tanner\source\repos\opengl\opengl\x64\debug\opengl.tlog\cl.command.1.tlog
c:\users\tanner\source\repos\opengl\opengl\x64\debug\opengl.tlog\cl.read.1.tlog
c:\users\tanner\source\repos\opengl\opengl\x64\debug\opengl.tlog\cl.write.1.tlog
c:\users\tanner\source\repos\opengl\opengl\x64\debug\opengl.tlog\link.command.1.tlog
c:\users\tanner\source\repos\opengl\opengl\x64\debug\opengl.tlog\link.read.1.tlog
c:\users\tanner\source\repos\opengl\opengl\x64\debug\opengl.tlog\link.write.1.tlog
